Reusing configuration cache.
> Task :checkKotlinGradlePluginConfigurationErrors SKIPPED

> Task :compileKotlin FAILED
e: file:///C:/Users/elroysu/Desktop/projects/jbcall/src/main/kotlin/io/github/e1roy/jbcall/handler/ClassAnalysisHandler.kt:40:33 Overload resolution ambiguity between candidates:
fun sendMultipleMatchesSimpleResponse(response: HttpServletResponse, classInfo: Map<String, Any>): Unit
fun sendMultipleMatchesSimpleResponse(response: HttpServletResponse, classInfo: Map<String, Any>): Unit
e: file:///C:/Users/elroysu/Desktop/projects/jbcall/src/main/kotlin/io/github/e1roy/jbcall/handler/ClassAnalysisHandler.kt:41:68 Cannot infer type for this parameter. Please specify it explicitly.
e: file:///C:/Users/elroysu/Desktop/projects/jbcall/src/main/kotlin/io/github/e1roy/jbcall/handler/ClassAnalysisHandler.kt:41:68 Not enough information to infer type argument for 'T'.
e: file:///C:/Users/elroysu/Desktop/projects/jbcall/src/main/kotlin/io/github/e1roy/jbcall/handler/ClassAnalysisHandler.kt:43:25 Argument type mismatch: actual type is 'kotlin.collections.Map<K, V>', but 'kotlin.String' was expected.
e: file:///C:/Users/elroysu/Desktop/projects/jbcall/src/main/kotlin/io/github/e1roy/jbcall/handler/ClassAnalysisHandler.kt:303:13 Conflicting overloads:
fun sendMultipleMatchesSimpleResponse(response: HttpServletResponse, classInfo: Map<String, Any>): Unit
e: file:///C:/Users/elroysu/Desktop/projects/jbcall/src/main/kotlin/io/github/e1roy/jbcall/handler/ClassAnalysisHandler.kt:357:13 Conflicting overloads:
fun sendMultipleMatchesSimpleResponse(response: HttpServletResponse, classInfo: Map<String, Any>): Unit

FAILURE: Build failed with an exception.

* What went wrong:
Execution failed for task ':compileKotlin'.
> A failure occurred while executing org.jetbrains.kotlin.compilerRunner.GradleCompilerRunnerWithWorkers$GradleKotlinCompilerWorkAction
   > Compilation error. See log for more details

* Try:
> Run with --stacktrace option to get the stack trace.
> Run with --info or --debug option to get more log output.
> Run with --scan to get full insights.
> Get more help at https://help.gradle.org.

BUILD FAILED in 1s
1 actionable task: 1 executed
Configuration cache entry reused.
